<?xml version="1.0" encoding="UTF-8"?>
<!-- Generated by org.testng.reporters.JUnitReportReporter -->
<testsuite hostname="magicbook15" failures="0" tests="2" name="com.actimetime.testscript.ProjectModule" time="29.784" errors="0" timestamp="2023-07-19T13:16:37 IST" skipped="0">
  <testcase classname="com.actimetime.testscript.ProjectModule" name="createProject" time="19.693">
    <system-out>
      <![CDATA[Create Project]]>
    </system-out>
  </testcase> <!-- createProject -->
  <testcase classname="com.actimetime.testscript.ProjectModule" name="modifyProject" time="10.091">
    <system-out>
      <![CDATA[Modify Project]]>
    </system-out>
  </testcase> <!-- modifyProject -->
  <system-out>
    <![CDATA[OpenBrowser
Login
Create Project
Logout
Login
Modify Project
Logout
CloseBrowser
OpenBrowser
Login
Create Task
Logout
Login
Modify Task
Logout
CloseBrowser
OpenBrowser
Login
Create Customer
Logout
Login
Modify Customer
Logout
CloseBrowser]]>
  </system-out>
</testsuite> <!-- com.actimetime.testscript.ProjectModule -->
