<?xml version="1.0" encoding="UTF-8"?>
<!-- Generated by org.testng.reporters.JUnitReportReporter -->
<testsuite hostname="magicbook15" failures="0" tests="1" name="com.actitime.testng.DemoTestNG" time="0.011" errors="0" timestamp="2023-07-12T12:03:46 IST" skipped="0">
  <testcase classname="com.actitime.testng.DemoTestNG" name="print" time="0.011">
    <system-out>
      <![CDATA[Hi
Hlo
Bye]]>
    </system-out>
  </testcase> <!-- print -->
  <system-out>
    <![CDATA[Hi
Hlo
Bye]]>
  </system-out>
</testsuite> <!-- com.actitime.testng.DemoTestNG -->
