<?xml version="1.0" encoding="UTF-8"?>
<!-- Generated by org.testng.reporters.JUnitReportReporter -->
<testsuite hostname="magicbook15" failures="0" tests="2" name="com.actimetime.testscript.TaskModule" time="29.499" errors="0" timestamp="2023-07-19T13:16:37 IST" skipped="0">
  <testcase classname="com.actimetime.testscript.TaskModule" name="modifyTask" time="22.043">
    <system-out>
      <![CDATA[Modify Task]]>
    </system-out>
  </testcase> <!-- modifyTask -->
  <testcase classname="com.actimetime.testscript.TaskModule" name="createTask" time="7.456">
    <system-out>
      <![CDATA[Create Task]]>
    </system-out>
  </testcase> <!-- createTask -->
  <system-out>
    <![CDATA[OpenBrowser
Login
Create Project
Logout
Login
Modify Project
Logout
CloseBrowser
OpenBrowser
Login
Create Task
Logout
Login
Modify Task
Logout
CloseBrowser
OpenBrowser
Login
Create Customer
Logout
Login
Modify Customer
Logout
CloseBrowser]]>
  </system-out>
</testsuite> <!-- com.actimetime.testscript.TaskModule -->
